TN:
SF:src/utils/backend-config.ts
FN:28,envString
FN:63,getDefaultElectrumServer
FN:73,getDefaultRgbProxy
FN:83,getBackendProfileById
FN:92,getActiveBackendProfileId
FN:101,getActiveRegtestRgbBackendMode
FN:106,getRegtestRgbBackendConfig
FN:123,resolveBitcoinApiBase
FNF:8
FNH:8
FNDA:18,envString
FNDA:5,getDefaultElectrumServer
FNDA:3,getDefaultRgbProxy
FNDA:3,getBackendProfileById
FNDA:107,getActiveBackendProfileId
FNDA:3,getActiveRegtestRgbBackendMode
FNDA:2,getRegtestRgbBackendConfig
FNDA:103,resolveBitcoinApiBase
DA:1,1
DA:13,1
DA:15,1
DA:16,1
DA:17,1
DA:18,1
DA:19,1
DA:20,1
DA:21,1
DA:22,1
DA:23,1
DA:24,1
DA:25,1
DA:26,1
DA:28,18
DA:29,18
DA:30,18
DA:31,18
DA:33,1
DA:34,1
DA:35,1
DA:36,1
DA:37,1
DA:38,1
DA:39,1
DA:40,1
DA:41,1
DA:42,1
DA:43,1
DA:44,1
DA:45,1
DA:46,1
DA:47,1
DA:48,1
DA:49,1
DA:50,1
DA:51,1
DA:52,1
DA:53,1
DA:54,1
DA:55,1
DA:56,1
DA:57,1
DA:59,1
DA:60,1
DA:61,1
DA:63,1
DA:64,5
DA:65,5
DA:66,5
DA:67,5
DA:68,1
DA:69,1
DA:70,4
DA:71,4
DA:73,1
DA:74,3
DA:75,3
DA:76,3
DA:77,3
DA:78,1
DA:79,1
DA:80,2
DA:81,2
DA:83,1
DA:84,3
DA:85,3
DA:86,3
DA:87,3
DA:88,0
DA:90,3
DA:92,1
DA:93,107
DA:94,107
DA:95,107
DA:96,3
DA:97,3
DA:98,104
DA:99,104
DA:101,1
DA:102,3
DA:103,3
DA:104,3
DA:106,1
DA:110,2
DA:111,2
DA:112,2
DA:113,2
DA:114,2
DA:116,2
DA:117,2
DA:118,2
DA:119,2
DA:120,2
DA:121,2
DA:123,1
DA:124,103
DA:125,103
DA:126,103
DA:127,103
DA:129,103
DA:130,1
DA:131,1
DA:132,0
DA:133,1
DA:134,1
DA:135,1
DA:136,1
DA:137,1
DA:138,1
DA:139,1
DA:141,103
DA:142,7
DA:143,7
DA:145,7
DA:146,4
DA:147,4
DA:149,103
DA:150,103
DA:152,103
DA:153,93
DA:154,93
LF:122
LH:120
BRDA:60,0,0,0
BRDA:28,1,0,18
BRDA:29,2,0,15
BRDA:30,3,0,15
BRDA:30,4,0,3
BRDA:63,5,0,5
BRDA:67,6,0,2
BRDA:67,7,0,1
BRDA:69,8,0,4
BRDA:73,9,0,3
BRDA:77,10,0,2
BRDA:77,11,0,1
BRDA:79,12,0,2
BRDA:83,13,0,3
BRDA:87,14,0,0
BRDA:87,15,0,4
BRDA:92,16,0,107
BRDA:95,17,0,105
BRDA:95,18,0,3
BRDA:97,19,0,104
BRDA:101,20,0,3
BRDA:103,21,0,1
BRDA:103,22,0,2
BRDA:106,23,0,2
BRDA:112,24,0,1
BRDA:112,25,0,1
BRDA:113,26,0,1
BRDA:113,27,0,1
BRDA:114,28,0,0
BRDA:118,29,0,1
BRDA:118,30,0,0
BRDA:118,31,0,1
BRDA:123,32,0,103
BRDA:129,33,0,1
BRDA:129,34,0,1
BRDA:131,35,0,0
BRDA:133,36,0,0
BRDA:134,37,0,0
BRDA:139,38,0,102
BRDA:141,39,0,7
BRDA:142,40,0,1
BRDA:142,41,0,6
BRDA:143,42,0,1
BRDA:143,43,0,5
BRDA:145,44,0,4
BRDA:145,45,0,1
BRDA:147,46,0,95
BRDA:149,47,0,1
BRDA:149,48,0,94
BRDA:150,49,0,0
BRDA:150,50,0,94
BRDA:152,51,0,96
BRDA:152,52,0,1
BRDA:152,53,0,93
BRF:54
BRH:46
end_of_record
TN:
SF:src/utils/bitcoin-activities.ts
FN:21,fetchBtcActivities
FNF:1
FNH:1
FNDA:16,fetchBtcActivities
DA:3,1
DA:21,1
DA:22,16
DA:23,16
DA:24,16
DA:25,16
DA:26,16
DA:27,16
DA:29,16
DA:31,16
DA:32,1
DA:33,1
DA:35,14
DA:38,14
DA:40,14
DA:42,15
DA:43,1
DA:44,1
DA:45,1
DA:48,14
DA:51,14
DA:52,15
DA:54,10
DA:55,10
DA:56,10
DA:57,15
DA:60,4
DA:61,4
DA:62,4
DA:65,4
DA:66,4
DA:68,14
DA:69,15
DA:70,15
DA:71,15
DA:72,15
DA:73,15
DA:74,12
DA:75,2
DA:76,15
DA:77,15
DA:78,15
DA:79,15
DA:80,15
DA:81,14
DA:82,16
DA:83,1
DA:84,1
DA:85,1
DA:86,16
LF:50
LH:50
BRDA:21,0,0,16
BRDA:29,1,0,15
BRDA:31,2,0,1
BRDA:33,3,0,14
BRDA:82,4,0,1
BRDA:40,5,0,15
BRDA:42,6,0,14
BRDA:42,7,0,1
BRDA:45,8,0,14
BRDA:52,9,0,10
BRDA:57,10,0,4
BRDA:65,11,0,0
BRDA:66,12,0,14
BRDA:69,13,0,10
BRDA:69,14,0,4
BRDA:70,15,0,0
BRDA:72,16,0,14
BRDA:72,17,0,12
BRDA:72,18,0,2
BRDA:73,19,0,14
BRDA:73,20,0,12
BRDA:74,21,0,2
BRDA:76,22,0,14
BRDA:77,23,0,14
BRDA:77,24,0,2
BRDA:48,25,0,15
BRDA:55,26,0,11
BRDA:56,27,0,11
BRDA:56,28,0,0
BRDA:61,29,0,5
BRDA:62,30,0,4
BRDA:62,31,0,0
BRF:32
BRH:28
end_of_record
TN:
SF:src/utils/bitcoin-address.ts
FN:14,getBitcoinJsNetwork
FN:28,isLikelyRegtestAddress
FN:44,deriveBitcoinAddress
FN:119,deriveMultipleBitcoinAddresses
FNF:4
FNH:4
FNDA:15,getBitcoinJsNetwork
FNDA:9,isLikelyRegtestAddress
FNDA:103,deriveBitcoinAddress
FNDA:5,deriveMultipleBitcoinAddresses
DA:1,1
DA:2,1
DA:3,1
DA:4,1
DA:7,1
DA:9,1
DA:10,1
DA:11,1
DA:12,1
DA:14,1
DA:15,15
DA:16,15
DA:17,15
DA:18,3
DA:19,3
DA:21,13
DA:22,7
DA:23,7
DA:25,5
DA:26,5
DA:28,1
DA:29,9
DA:30,9
DA:31,9
DA:44,1
DA:45,103
DA:46,103
DA:47,103
DA:48,103
DA:49,103
DA:50,103
DA:51,103
DA:53,103
DA:54,1
DA:55,1
DA:58,102
DA:61,102
DA:62,102
DA:64,103
DA:65,96
DA:66,96
DA:67,103
DA:69,6
DA:70,6
DA:71,6
DA:74,102
DA:77,102
DA:80,102
DA:81,102
DA:83,103
DA:84,0
DA:85,0
DA:87,103
DA:90,76
DA:92,76
DA:93,76
DA:94,76
DA:95,76
DA:97,76
DA:98,76
DA:99,103
DA:101,26
DA:102,26
DA:103,26
DA:104,26
DA:106,26
DA:107,26
DA:108,26
DA:109,103
DA:119,1
DA:120,5
DA:121,5
DA:122,5
DA:123,5
DA:124,5
DA:126,5
DA:127,17
DA:128,17
DA:129,17
DA:131,5
DA:132,5
LF:81
LH:79
BRDA:14,0,0,15
BRDA:17,1,0,13
BRDA:17,2,0,3
BRDA:19,3,0,12
BRDA:21,4,0,7
BRDA:23,5,0,5
BRDA:28,6,0,9
BRDA:30,7,0,5
BRDA:30,8,0,4
BRDA:30,9,0,3
BRDA:44,10,0,103
BRDA:53,11,0,1
BRDA:55,12,0,102
BRDA:64,13,0,96
BRDA:67,14,0,6
BRDA:71,15,0,102
BRDA:83,16,0,0
BRDA:85,17,0,102
BRDA:87,18,0,76
BRDA:97,19,0,0
BRDA:99,20,0,26
BRDA:106,21,0,0
BRDA:119,22,0,5
BRDA:126,23,0,17
BRF:24
BRH:21
end_of_record
TN:
SF:src/utils/bitcoin-transactions.ts
FN:20,estimateFee
FN:35,fetchLiveFees
FN:79,checkAddressHistory
FN:113,fetchUTXOsFromBlockchain
FN:156,fetchUTXOsFromAllAddresses
FN:195,signAndSendVanilla
FN:311,signAndUnlockUtxo
FN:362,broadcastTransaction
FN:397,performDiscoveryScan
FNF:9
FNH:8
FNDA:12,estimateFee
FNDA:3,fetchLiveFees
FNDA:74,checkAddressHistory
FNDA:16,fetchUTXOsFromBlockchain
FNDA:0,fetchUTXOsFromAllAddresses
FNDA:3,signAndSendVanilla
FNDA:1,signAndUnlockUtxo
FNDA:2,broadcastTransaction
FNDA:6,performDiscoveryScan
DA:1,1
DA:2,1
DA:3,1
DA:4,1
DA:5,1
DA:6,1
DA:7,1
DA:10,1
DA:20,1
DA:21,12
DA:22,12
DA:23,12
DA:25,12
DA:26,12
DA:27,12
DA:35,1
DA:36,3
DA:38,3
DA:39,3
DA:40,3
DA:41,1
DA:42,1
DA:43,1
DA:44,1
DA:45,1
DA:47,1
DA:48,1
DA:49,1
DA:50,1
DA:51,1
DA:52,1
DA:53,3
DA:54,2
DA:55,2
DA:56,2
DA:57,2
DA:58,3
DA:79,1
DA:80,74
DA:81,74
DA:82,74
DA:83,74
DA:85,74
DA:86,74
DA:88,74
DA:89,10
DA:90,9
DA:91,9
DA:92,9
DA:93,9
DA:94,9
DA:96,63
DA:97,74
DA:98,74
DA:100,74
DA:101,74
DA:102,1
DA:103,1
DA:104,1
DA:105,1
DA:106,74
DA:113,1
DA:114,16
DA:115,16
DA:116,16
DA:117,16
DA:118,16
DA:120,16
DA:121,16
DA:123,16
DA:124,1
DA:125,1
DA:126,1
DA:127,1
DA:129,14
DA:134,14
DA:135,9
DA:136,9
DA:137,9
DA:138,9
DA:139,14
DA:140,16
DA:141,2
DA:142,2
DA:143,2
DA:144,2
DA:145,16
DA:156,1
DA:157,0
DA:158,0
DA:159,0
DA:160,0
DA:161,0
DA:162,0
DA:165,0
DA:166,0
DA:167,0
DA:168,0
DA:169,0
DA:172,0
DA:173,0
DA:174,0
DA:176,0
DA:179,0
DA:180,0
DA:195,1
DA:196,3
DA:197,3
DA:198,3
DA:199,3
DA:200,3
DA:201,3
DA:202,3
DA:203,3
DA:206,3
DA:207,3
DA:209,3
DA:210,3
DA:211,3
DA:214,3
DA:217,3
DA:218,3
DA:220,3
DA:228,3
DA:231,3
DA:232,1
DA:233,1
DA:235,2
DA:237,3
DA:238,1
DA:239,1
DA:242,1
DA:245,1
DA:247,1
DA:248,1
DA:249,1
DA:250,1
DA:251,1
DA:252,1
DA:253,1
DA:254,1
DA:255,1
DA:257,1
DA:258,1
DA:261,0
DA:262,0
DA:263,0
DA:264,0
DA:269,0
DA:270,0
DA:271,3
DA:273,3
DA:275,0
DA:276,0
DA:277,0
DA:278,0
DA:279,0
DA:280,0
DA:281,0
DA:282,0
DA:283,0
DA:285,0
DA:286,0
DA:287,0
DA:289,0
DA:290,0
DA:291,0
DA:293,0
DA:294,0
DA:298,0
DA:299,0
DA:300,0
DA:301,0
DA:302,0
DA:304,0
DA:305,0
DA:307,0
DA:308,0
DA:309,0
DA:311,1
DA:312,1
DA:313,1
DA:314,1
DA:315,1
DA:316,1
DA:317,1
DA:318,1
DA:319,1
DA:320,1
DA:321,1
DA:323,1
DA:324,1
DA:326,1
DA:327,1
DA:328,1
DA:329,1
DA:330,1
DA:331,1
DA:332,1
DA:333,1
DA:334,1
DA:336,1
DA:337,1
DA:339,1
DA:340,1
DA:341,1
DA:343,0
DA:344,0
DA:345,0
DA:346,0
DA:348,0
DA:349,0
DA:350,0
DA:351,0
DA:352,0
DA:353,0
DA:362,1
DA:363,2
DA:364,2
DA:365,2
DA:366,2
DA:368,2
DA:369,2
DA:370,2
DA:371,2
DA:372,2
DA:374,2
DA:375,1
DA:376,1
DA:377,1
DA:378,1
DA:380,1
DA:381,1
DA:382,1
DA:383,1
DA:384,1
DA:385,1
DA:386,2
DA:397,1
DA:398,6
DA:399,6
DA:400,6
DA:401,6
DA:411,6
DA:412,6
DA:414,6
DA:415,6
DA:416,6
DA:417,6
DA:418,6
DA:419,6
DA:427,6
DA:428,6
DA:429,6
DA:430,6
DA:432,6
DA:433,17
DA:435,17
DA:437,17
DA:438,17
DA:440,17
DA:441,17
DA:443,17
DA:444,17
DA:446,17
DA:447,17
DA:448,17
DA:450,17
DA:453,17
DA:454,68
DA:455,17
DA:457,17
DA:458,17
DA:459,17
DA:461,17
DA:462,6
DA:463,6
DA:465,17
DA:466,3
DA:467,3
DA:468,3
DA:469,2
DA:470,2
DA:473,3
DA:474,12
DA:475,12
DA:476,12
DA:478,12
DA:479,12
DA:480,12
DA:481,12
DA:482,8
DA:483,8
DA:484,8
DA:485,8
DA:486,8
DA:487,8
DA:488,12
DA:489,12
DA:490,0
DA:491,0
DA:492,0
DA:493,0
DA:494,3
DA:496,3
DA:499,3
DA:500,12
DA:501,12
DA:502,12
DA:503,8
DA:504,8
DA:505,8
DA:506,8
DA:507,8
DA:508,8
DA:509,8
DA:510,8
DA:511,3
DA:513,3
DA:514,17
DA:515,14
DA:516,14
DA:518,17
DA:521,17
DA:522,0
DA:523,0
DA:524,0
DA:525,17
DA:528,6
DA:529,6
DA:530,6
DA:532,6
DA:533,6
DA:534,6
DA:536,6
DA:537,6
DA:538,6
DA:539,6
DA:540,6
DA:541,6
DA:542,6
DA:543,6
DA:544,6
DA:545,6
DA:546,6
LF:345
LH:278
BRDA:20,0,0,12
BRDA:35,1,0,3
BRDA:39,2,0,2
BRDA:40,3,0,1
BRDA:53,4,0,2
BRDA:79,5,0,74
BRDA:86,6,0,73
BRDA:88,7,0,10
BRDA:89,8,0,1
BRDA:89,9,0,9
BRDA:94,10,0,63
BRDA:97,11,0,56
BRDA:98,12,0,63
BRDA:98,13,0,62
BRDA:100,14,0,8
BRDA:100,15,0,55
BRDA:101,16,0,1
BRDA:113,17,0,16
BRDA:118,18,0,0
BRDA:121,19,0,15
BRDA:123,20,0,1
BRDA:127,21,0,14
BRDA:140,22,0,2
BRDA:134,23,0,9
BRDA:195,24,0,3
BRDA:231,25,0,1
BRDA:233,26,0,2
BRDA:237,27,0,1
BRDA:258,28,0,0
BRDA:273,29,0,0
BRDA:273,30,0,0
BRDA:311,31,0,1
BRDA:341,32,0,0
BRDA:362,33,0,2
BRDA:374,34,0,1
BRDA:397,35,0,6
BRDA:432,36,0,8
BRDA:432,37,0,17
BRDA:459,38,0,2
BRDA:461,39,0,6
BRDA:465,40,0,3
BRDA:468,41,0,2
BRDA:514,42,0,14
BRDA:521,43,0,0
BRDA:438,44,0,17
BRDA:441,45,0,17
BRDA:444,46,0,17
BRDA:447,47,0,17
BRDA:453,48,0,68
BRDA:457,49,0,62
BRDA:458,50,0,62
BRDA:462,51,0,24
BRDA:468,52,0,10
BRDA:468,53,0,5
BRDA:473,54,0,12
BRDA:474,55,0,0
BRDA:475,56,0,6
BRDA:475,57,0,6
BRDA:489,58,0,0
BRDA:480,59,0,8
BRDA:481,60,0,8
BRDA:499,61,0,12
BRDA:502,62,0,8
BRDA:501,63,0,8
BRDA:529,64,0,8
BRDA:530,65,0,4
BRF:66
BRH:58
end_of_record
TN:
SF:src/utils/crypto.ts
FN:4,generateMnemonic
FN:8,validateMnemonic
FN:12,deriveIdentity
FNF:3
FNH:3
FNDA:4,generateMnemonic
FNDA:13,validateMnemonic
FNDA:7,deriveIdentity
DA:1,1
DA:2,1
DA:4,1
DA:5,4
DA:6,4
DA:8,1
DA:9,13
DA:10,13
DA:12,1
DA:13,7
DA:14,1
DA:15,1
DA:16,6
DA:18,6
DA:19,6
DA:20,6
DA:21,6
LF:17
LH:17
BRDA:4,0,0,4
BRDA:8,1,0,13
BRDA:12,2,0,7
BRDA:13,3,0,1
BRDA:15,4,0,6
BRF:5
BRH:5
end_of_record
TN:
SF:src/utils/error-logger.ts
FN:20,logError
FN:47,getErrorLogs
FN:55,clearErrorLogs
FNF:3
FNH:3
FNDA:71,logError
FNDA:11,getErrorLogs
FNDA:2,clearErrorLogs
DA:1,1
DA:20,1
DA:21,71
DA:22,71
DA:23,71
DA:25,71
DA:26,71
DA:27,71
DA:28,71
DA:29,71
DA:30,71
DA:31,71
DA:32,71
DA:35,71
DA:37,71
DA:38,70
DA:39,71
DA:40,1
DA:41,1
DA:42,71
DA:47,1
DA:48,11
DA:49,11
DA:50,11
DA:55,1
DA:56,2
DA:57,2
LF:27
LH:27
BRDA:20,0,0,71
BRDA:22,1,0,70
BRDA:23,2,0,9
BRDA:30,3,0,1
BRDA:30,4,0,69
BRDA:37,5,0,70
BRDA:39,6,0,1
BRDA:47,7,0,11
BRDA:49,8,0,1
BRDA:55,9,0,2
BRF:10
BRH:10
end_of_record
TN:
SF:src/utils/photon-keys.ts
FN:19,deriveAuthKey
FN:41,derivePhotonKeys
FNF:2
FNH:2
FNDA:12,deriveAuthKey
FNDA:12,derivePhotonKeys
DA:1,1
DA:2,1
DA:3,1
DA:5,1
DA:19,12
DA:20,12
DA:21,12
DA:22,12
DA:23,12
DA:24,12
DA:25,12
DA:26,12
DA:27,12
DA:28,12
DA:29,12
DA:30,12
DA:31,12
DA:32,12
DA:33,12
DA:34,12
DA:35,12
DA:36,12
DA:37,12
DA:38,12
DA:39,12
DA:41,12
DA:42,12
DA:43,12
DA:45,12
DA:46,12
DA:48,12
DA:49,12
DA:50,12
DA:52,12
DA:53,12
DA:54,12
DA:55,12
DA:56,12
DA:57,12
DA:58,12
DA:59,12
LF:41
LH:41
BRDA:19,0,0,12
BRDA:41,1,0,12
BRDA:50,2,0,0
BRDA:53,3,0,48
BRF:4
BRH:3
end_of_record
TN:
SF:src/utils/photon-psbt.ts
FN:9,signPhotonPsbt
FN:49,getCandidates
FNF:2
FNH:2
FNDA:12,signPhotonPsbt
FNDA:1,getCandidates
DA:1,1
DA:2,1
DA:3,1
DA:4,1
DA:6,1
DA:7,1
DA:9,12
DA:10,12
DA:11,12
DA:12,12
DA:13,12
DA:14,12
DA:15,12
DA:20,12
DA:21,12
DA:23,12
DA:24,12
DA:26,12
DA:27,12
DA:28,6
DA:29,6
DA:30,6
DA:31,6
DA:32,6
DA:35,12
DA:36,12
DA:37,6
DA:38,5
DA:39,1
DA:42,6
DA:43,6
DA:46,6
DA:47,6
DA:48,6
DA:49,6
DA:50,6
DA:52,6
DA:53,8
DA:54,8
DA:55,8
DA:58,8
DA:60,8
DA:61,8
DA:62,8
DA:63,8
DA:64,8
DA:65,8
DA:66,6
DA:67,12
DA:68,12
DA:69,12
DA:70,12
LF:52
LH:52
BRDA:9,0,0,12
BRDA:68,1,0,1
BRDA:24,2,0,12
BRDA:26,3,0,6
BRDA:27,4,0,6
BRDA:31,5,0,0
BRDA:35,6,0,6
BRDA:36,7,0,6
BRDA:37,8,0,5
BRDA:38,9,0,1
BRDA:52,10,0,8
BRDA:58,11,0,5
BRDA:58,12,0,0
BRDA:64,13,0,3
BRDA:47,14,0,6
BRDA:48,15,0,1
BRDA:49,16,0,1
BRF:17
BRH:15
end_of_record
TN:
SF:src/utils/rgb-fetcher.ts
FN:22,fetchRgbOccupiedUtxos
FNF:1
FNH:1
FNDA:6,fetchRgbOccupiedUtxos
DA:3,1
DA:22,1
DA:23,6
DA:24,6
DA:25,6
DA:26,6
DA:27,6
DA:29,6
DA:33,5
DA:34,5
DA:35,5
DA:36,5
DA:37,5
DA:38,5
DA:39,5
DA:40,5
DA:41,5
DA:42,5
DA:44,4
DA:48,4
DA:49,6
DA:50,6
DA:51,6
DA:52,6
DA:54,6
DA:55,6
DA:56,6
DA:57,6
DA:58,6
DA:59,2
DA:60,2
DA:61,2
DA:62,2
DA:63,6
DA:64,6
DA:65,4
DA:67,6
DA:68,2
DA:69,2
DA:70,2
DA:71,6
LF:41
LH:41
BRDA:22,0,0,6
BRDA:29,1,0,5
BRDA:42,2,0,4
BRDA:67,3,0,2
BRDA:48,4,0,6
BRDA:52,5,0,0
BRDA:51,6,0,4
BRDA:58,7,0,2
BRDA:65,8,0,6
BRF:9
BRH:8
end_of_record
TN:
SF:src/utils/rgb-invoice.ts
FN:34,normalizeAssetId
FN:42,createSecret64BitHex
FN:48,sha256Hex
FN:54,loadStoredSealSecrets
FN:70,persistSealSecret
FN:78,generateBlindedSeal
FN:88,createRgbInvoice
FN:118,isValidRgbProxyUrl
FNF:8
FNH:8
FNDA:9,normalizeAssetId
FNDA:16,createSecret64BitHex
FNDA:16,sha256Hex
FNDA:9,loadStoredSealSecrets
FNDA:9,persistSealSecret
FNDA:16,generateBlindedSeal
FNDA:9,createRgbInvoice
FNDA:7,isValidRgbProxyUrl
DA:1,1
DA:2,1
DA:5,1
DA:34,9
DA:35,9
DA:36,9
DA:37,0
DA:38,0
DA:39,9
DA:40,9
DA:42,16
DA:43,16
DA:44,16
DA:45,16
DA:46,16
DA:48,16
DA:49,16
DA:50,16
DA:51,16
DA:52,16
DA:54,9
DA:55,9
DA:56,9
DA:58,9
DA:59,9
DA:60,9
DA:62,0
DA:63,0
DA:64,9
DA:65,9
DA:66,0
DA:67,0
DA:68,9
DA:70,9
DA:71,9
DA:72,9
DA:73,9
DA:74,9
DA:75,9
DA:76,9
DA:78,16
DA:79,16
DA:80,16
DA:82,16
DA:83,16
DA:84,16
DA:85,16
DA:86,16
DA:88,9
DA:89,9
DA:90,9
DA:91,9
DA:92,9
DA:93,9
DA:95,9
DA:96,9
DA:97,9
DA:98,9
DA:99,9
DA:100,9
DA:101,9
DA:102,9
DA:103,9
DA:104,9
DA:105,9
DA:106,9
DA:108,9
DA:109,9
DA:110,9
DA:111,9
DA:112,9
DA:113,9
DA:114,9
DA:115,9
DA:116,9
DA:118,1
DA:119,7
DA:120,7
DA:122,7
DA:123,7
DA:124,2
DA:125,2
DA:126,7
LF:83
LH:77
BRDA:34,0,0,9
BRDA:36,1,0,0
BRDA:42,2,0,16
BRDA:45,3,0,128
BRDA:48,4,0,16
BRDA:51,5,0,512
BRDA:54,6,0,9
BRDA:58,7,0,0
BRDA:60,8,0,0
BRDA:64,9,0,0
BRDA:65,10,0,0
BRDA:70,11,0,9
BRDA:78,12,0,16
BRDA:88,13,0,9
BRDA:90,14,0,8
BRDA:90,15,0,1
BRDA:118,16,0,7
BRDA:123,17,0,2
BRF:18
BRH:13
end_of_record
TN:
SF:src/utils/utxoManager.ts
FN:37,loadWalletContext
FN:77,sortCandidateUtxos
FN:93,selectExistingSealUtxo
FN:101,selectSplitSourceUtxo
FN:115,broadcastSealSplitTransaction
FN:169,findOrPrepareRgbTaprootUtxo
FNF:6
FNH:6
FNDA:6,loadWalletContext
FNDA:5,sortCandidateUtxos
FNDA:5,selectExistingSealUtxo
FNDA:2,selectSplitSourceUtxo
FNDA:1,broadcastSealSplitTransaction
FNDA:6,findOrPrepareRgbTaprootUtxo
DA:1,1
DA:2,1
DA:3,1
DA:4,1
DA:6,1
DA:7,1
DA:8,1
DA:10,1
DA:12,1
DA:13,1
DA:14,1
DA:15,1
DA:16,1
DA:37,6
DA:38,6
DA:39,6
DA:40,6
DA:41,6
DA:42,6
DA:43,6
DA:44,6
DA:45,6
DA:46,6
DA:47,6
DA:49,6
DA:50,6
DA:51,0
DA:52,0
DA:54,6
DA:55,6
DA:56,6
DA:57,6
DA:58,6
DA:59,6
DA:60,6
DA:61,0
DA:62,0
DA:63,0
DA:65,6
DA:66,0
DA:67,0
DA:69,6
DA:70,6
DA:71,6
DA:72,6
DA:73,6
DA:74,6
DA:75,6
DA:77,5
DA:78,5
DA:79,2
DA:80,1
DA:81,1
DA:83,1
DA:84,1
DA:85,1
DA:86,1
DA:87,1
DA:89,0
DA:90,5
DA:91,5
DA:93,5
DA:94,5
DA:95,5
DA:96,5
DA:98,5
DA:99,5
DA:101,2
DA:102,2
DA:103,2
DA:104,2
DA:105,2
DA:106,0
DA:107,0
DA:108,0
DA:109,0
DA:110,2
DA:112,2
DA:113,2
DA:115,1
DA:116,1
DA:117,1
DA:118,1
DA:119,1
DA:120,1
DA:121,1
DA:123,1
DA:124,1
DA:125,1
DA:126,1
DA:127,1
DA:128,1
DA:129,1
DA:130,1
DA:131,1
DA:133,1
DA:134,1
DA:135,1
DA:136,1
DA:138,1
DA:139,1
DA:141,1
DA:142,0
DA:143,0
DA:145,1
DA:146,1
DA:147,1
DA:148,1
DA:149,1
DA:150,1
DA:151,1
DA:152,1
DA:153,1
DA:155,1
DA:156,1
DA:157,1
DA:158,1
DA:160,1
DA:161,1
DA:162,1
DA:163,1
DA:165,1
DA:166,1
DA:167,1
DA:169,6
DA:170,6
DA:171,6
DA:173,6
DA:174,1
DA:175,1
DA:177,5
DA:178,6
DA:179,3
DA:180,3
DA:181,3
DA:182,3
DA:183,3
DA:185,2
DA:186,6
DA:187,1
DA:188,1
DA:190,1
DA:192,1
DA:193,1
DA:194,1
DA:195,1
DA:196,1
DA:197,1
DA:198,1
DA:199,1
DA:200,1
DA:201,1
DA:202,1
DA:203,1
LF:154
LH:140
BRDA:37,0,0,6
BRDA:49,1,0,0
BRDA:50,2,0,0
BRDA:54,3,0,0
BRDA:60,4,0,0
BRDA:65,5,0,0
BRDA:77,6,0,5
BRDA:78,7,0,2
BRDA:79,8,0,1
BRDA:80,9,0,0
BRDA:87,10,0,0
BRDA:93,11,0,5
BRDA:98,12,0,2
BRDA:95,13,0,7
BRDA:95,14,0,6
BRDA:101,15,0,2
BRDA:112,16,0,1
BRDA:104,17,0,2
BRDA:115,18,0,1
BRDA:141,19,0,0
BRDA:145,20,0,0
BRDA:169,21,0,6
BRDA:173,22,0,1
BRDA:175,23,0,5
BRDA:178,24,0,3
BRDA:183,25,0,2
BRDA:186,26,0,1
BRF:27
BRH:18
end_of_record
